[debug] [2022-06-27T17:31:13.174Z] ----------------------------------------------------------------------
[debug] [2022-06-27T17:31:13.176Z] Command:       C:\Program Files\nodejs\node.exe C:\Users\HP\AppData\Roaming\npm\node_modules\firebase-tools\lib\bin\firebase.js init
[debug] [2022-06-27T17:31:13.176Z] CLI Version:   11.1.0
[debug] [2022-06-27T17:31:13.176Z] Platform:      win32
[debug] [2022-06-27T17:31:13.176Z] Node Version:  v16.14.0
[debug] [2022-06-27T17:31:13.178Z] Time:          Mon Jun 27 2022 23:01:13 GMT+0530 (India Standard Time)
[debug] [2022-06-27T17:31:13.178Z] ----------------------------------------------------------------------
[debug] 
[debug] [2022-06-27T17:31:13.265Z] > command requires scopes: ["email","openid","https://www.googleapis.com/auth/cloudplatformprojects.readonly","https://www.googleapis.com/auth/firebase","https://www.googleapis.com/auth/cloud-platform"]
[debug] [2022-06-27T17:31:13.266Z] > authorizing via signed-in user (ayushree.ac@gmail.com)
[info] 
     ######## #### ########  ######## ########     ###     ######  ########
     ##        ##  ##     ## ##       ##     ##  ##   ##  ##       ##
     ######    ##  ########  ######   ########  #########  ######  ######
     ##        ##  ##    ##  ##       ##     ## ##     ##       ## ##
     ##       #### ##     ## ######## ########  ##     ##  ######  ########

You're about to initialize a Firebase project in this directory:

  C:\Users\HP\Desktop\html\Project

Before we get started, keep in mind:

  * You are initializing within an existing Firebase project directory

[info] 
=== Project Setup
[info] 
[info] First, let's associate this project directory with a Firebase project.
[info] You can create multiple project aliases by running firebase use --add, 
[info] but for now we'll just set up a default project.
[info] 
[debug] [2022-06-27T17:31:24.292Z] Using project from CLI flag: challenge-783d5
[debug] [2022-06-27T17:31:24.294Z] >>> [apiv2][query] GET https://firebase.googleapis.com/v1beta1/projects/challenge-783d5 [none]
[debug] [2022-06-27T17:31:24.940Z] <<< [apiv2][status] GET https://firebase.googleapis.com/v1beta1/projects/challenge-783d5 200
[debug] [2022-06-27T17:31:24.940Z] <<< [apiv2][body] GET https://firebase.googleapis.com/v1beta1/projects/challenge-783d5 {"projectId":"challenge-783d5","projectNumber":"887015203932","displayName":"amazon-challenge","name":"projects/challenge-783d5","resources":{"hostingSite":"challenge-783d5"},"state":"ACTIVE"}
[info] i  Using project challenge-783d5 (amazon-challenge) 
[info] 
=== Functions Setup
[info] 
[info] A functions directory will be created in your project with sample code
[info] pre-configured. Functions can be deployed with firebase deploy.
[info] 
[debug] [2022-06-27T17:31:24.954Z] > command requires scopes: ["email","openid","https://www.googleapis.com/auth/cloudplatformprojects.readonly","https://www.googleapis.com/auth/firebase","https://www.googleapis.com/auth/cloud-platform"]
[debug] [2022-06-27T17:31:24.955Z] > authorizing via signed-in user (ayushree.ac@gmail.com)
[debug] [2022-06-27T17:31:24.956Z] [iam] checking project challenge-783d5 for permissions ["firebase.projects.get"]
[debug] [2022-06-27T17:31:24.956Z] >>> [apiv2][query] POST https://cloudresourcemanager.googleapis.com/v1/projects/challenge-783d5:testIamPermissions [none]
[debug] [2022-06-27T17:31:24.956Z] >>> [apiv2][body] POST https://cloudresourcemanager.googleapis.com/v1/projects/challenge-783d5:testIamPermissions {"permissions":["firebase.projects.get"]}
[debug] [2022-06-27T17:31:32.015Z] <<< [apiv2][status] POST https://cloudresourcemanager.googleapis.com/v1/projects/challenge-783d5:testIamPermissions 200
[debug] [2022-06-27T17:31:32.015Z] <<< [apiv2][body] POST https://cloudresourcemanager.googleapis.com/v1/projects/challenge-783d5:testIamPermissions {"permissions":["firebase.projects.get"]}
[debug] [2022-06-27T17:31:32.017Z] >>> [apiv2][query] GET https://serviceusage.googleapis.com/v1/projects/challenge-783d5/services/cloudfunctions.googleapis.com [none]
[debug] [2022-06-27T17:31:32.020Z] >>> [apiv2][query] GET https://serviceusage.googleapis.com/v1/projects/challenge-783d5/services/runtimeconfig.googleapis.com [none]
[debug] [2022-06-27T17:31:38.873Z] <<< [apiv2][status] GET https://serviceusage.googleapis.com/v1/projects/challenge-783d5/services/cloudfunctions.googleapis.com 200
[debug] [2022-06-27T17:31:38.873Z] <<< [apiv2][body] GET https://serviceusage.googleapis.com/v1/projects/challenge-783d5/services/cloudfunctions.googleapis.com [omitted]
[debug] [2022-06-27T17:31:39.366Z] <<< [apiv2][status] GET https://serviceusage.googleapis.com/v1/projects/challenge-783d5/services/runtimeconfig.googleapis.com 200
[debug] [2022-06-27T17:31:39.366Z] <<< [apiv2][body] GET https://serviceusage.googleapis.com/v1/projects/challenge-783d5/services/runtimeconfig.googleapis.com [omitted]
[debug] [2022-06-27T17:32:33.102Z] Error: kill ENOSYS
    at process.kill (node:internal/process/per_thread:220:13)
    at process.listener (C:\Users\HP\AppData\Roaming\npm\node_modules\firebase-tools\node_modules\signal-exit\index.js:95:15)
    at process.emit (node:events:520:28)
[error] 
[error] Error: An unexpected error has occurred.
